<?xml version="1.0" encoding="UTF-8"?>
<!-- Generated by org.testng.reporters.JUnitReportReporter -->
<testsuite hostname="DESKTOP-T6DRP6P" failures="0" tests="1" name="TestNGDemos.PropertiesDemo" time="0.043" errors="0" timestamp="2024-06-03T12:14:10 IST" skipped="0">
  <testcase classname="TestNGDemos.PropertiesDemo" name="read" time="0.043"/>
  <system-out/>
</testsuite> <!-- TestNGDemos.PropertiesDemo -->
