<?xml version="1.0" encoding="UTF-8"?>
<!-- Generated by org.testng.reporters.JUnitReportReporter -->
<testsuite hostname="DESKTOP-T6DRP6P" failures="0" tests="2" name="TestNGDemos.DatProviderDemo2" time="0.007" errors="0" timestamp="2024-06-03T09:45:18 IST" skipped="0">
  <testcase classname="TestNGDemos.DatProviderDemo2" name="testInvalidLogin" time="0.001"/>
  <system-out/>
  <testcase classname="TestNGDemos.DatProviderDemo2" name="testInvalidLogin" time="0.006"/>
  <system-out/>
</testsuite> <!-- TestNGDemos.DatProviderDemo2 -->
