<?xml version="1.0" encoding="UTF-8"?>
<!-- Generated by org.testng.reporters.JUnitReportReporter -->
<testsuite hostname="DESKTOP-T6DRP6P" failures="0" tests="3" name="TestNGDemos.AssertionsDemo" time="0.016" errors="0" timestamp="2024-05-31T14:31:09 IST" skipped="1">
  <testcase classname="TestNGDemos.AssertionsDemo" name="eqlComp" time="0.005"/>
  <system-out/>
  <testcase classname="TestNGDemos.AssertionsDemo" name="add" time="0.011"/>
  <system-out/>
  <testcase classname="TestNGDemos.AssertionsDemo" name="mul">
    <skipped/>
  </testcase> <!-- mul -->
  <system-out/>
</testsuite> <!-- TestNGDemos.AssertionsDemo -->
