<?xml version="1.0" encoding="UTF-8"?>
<!-- Generated by org.testng.reporters.JUnitReportReporter -->
<testsuite hostname="DESKTOP-T6DRP6P" failures="0" tests="1" name="TestNGDemos.WayToAutomation" time="4.882" errors="0" timestamp="2024-05-31T16:09:25 IST" skipped="0">
  <testcase classname="TestNGDemos.WayToAutomation" name="wayToAutomate" time="4.882"/>
  <system-out/>
</testsuite> <!-- TestNGDemos.WayToAutomation -->
