<?xml version="1.0" encoding="UTF-8"?>
<!-- Generated by org.testng.reporters.JUnitReportReporter -->
<testsuite hostname="DESKTOP-T6DRP6P" failures="0" tests="3" name="TestNGDemos.GroupDependency" time="0.016" errors="0" timestamp="2024-05-31T14:22:39 IST" skipped="0">
  <testcase classname="TestNGDemos.GroupDependency" name="openBrowser" time="0.012"/>
  <system-out/>
  <testcase classname="TestNGDemos.GroupDependency" name="viewAcc" time="0.002"/>
  <system-out/>
  <testcase classname="TestNGDemos.GroupDependency" name="logIn" time="0.002"/>
  <system-out/>
</testsuite> <!-- TestNGDemos.GroupDependency -->
