<?xml version="1.0" encoding="UTF-8"?>
<!-- Generated by org.testng.reporters.JUnitReportReporter -->
<testsuite hostname="DESKTOP-T6DRP6P" failures="0" tests="4" name="TestNGDemos.DatProviderDemo" time="0.017" errors="0" timestamp="2024-06-03T09:27:46 IST" skipped="0">
  <testcase classname="TestNGDemos.DatProviderDemo" name="testLogin" time="0.004"/>
  <system-out/>
  <testcase classname="TestNGDemos.DatProviderDemo" name="testLogin" time="0.005"/>
  <system-out/>
  <testcase classname="TestNGDemos.DatProviderDemo" name="testLogin" time="0.007"/>
  <system-out/>
  <testcase classname="TestNGDemos.DatProviderDemo" name="testLogin" time="0.001"/>
  <system-out/>
</testsuite> <!-- TestNGDemos.DatProviderDemo -->
