<?xml version="1.0" encoding="UTF-8"?>
<!-- Generated by org.testng.reporters.JUnitReportReporter -->
<testsuite hostname="DESKTOP-T6DRP6P" failures="0" tests="3" name="TestNGDemos.ParamerterDemo" time="0.023" errors="0" timestamp="2024-06-03T09:19:03 IST" skipped="1">
  <testcase classname="TestNGDemos.ParamerterDemo" name="addTC" time="0.011"/>
  <system-out/>
  <testcase classname="TestNGDemos.ParamerterDemo" name="subtract" time="0.012"/>
  <system-out/>
  <testcase classname="TestNGDemos.ParamerterDemo" name="sum">
    <skipped/>
  </testcase> <!-- sum -->
  <system-out/>
</testsuite> <!-- TestNGDemos.ParamerterDemo -->
