<?xml version="1.0" encoding="UTF-8"?>
<!-- Generated by org.testng.reporters.JUnitReportReporter -->
<testsuite hostname="DESKTOP-T6DRP6P" failures="0" tests="1" name="TestNGDemo1" time="0.008" errors="0" timestamp="2024-05-31T12:15:54 IST" skipped="0">
  <testcase classname="TestNGDemo1" name="bye" time="0.008"/>
  <system-out/>
</testsuite> <!-- TestNGDemo1 -->
