<?xml version="1.0" encoding="UTF-8"?>
<!-- Generated by org.testng.reporters.JUnitReportReporter -->
<testsuite hostname="DESKTOP-T6DRP6P" failures="0" tests="2" name="TestNGDemos.GoogleDemo" time="17.527" errors="0" timestamp="2024-06-10T12:53:25 IST" skipped="0">
  <testcase classname="TestNGDemos.GoogleDemo" name="googleSearch" time="8.249"/>
  <system-out/>
  <testcase classname="TestNGDemos.GoogleDemo" name="amazon" time="9.278"/>
  <system-out/>
</testsuite> <!-- TestNGDemos.GoogleDemo -->
