<?xml version="1.0" encoding="UTF-8"?>
<!-- Generated by org.testng.reporters.JUnitReportReporter -->
<testsuite hostname="DESKTOP-T6DRP6P" failures="0" tests="1" name="TestNGAnnotations" time="0.031" errors="0" timestamp="2024-05-31T10:11:13 IST" skipped="0">
  <testcase classname="TestNGAnnotations" name="TC1" time="0.031"/>
  <system-out/>
</testsuite> <!-- TestNGAnnotations -->
