<?xml version="1.0" encoding="UTF-8"?>
<!-- Generated by org.testng.reporters.JUnitReportReporter -->
<testsuite hostname="DESKTOP-T6DRP6P" failures="0" tests="3" name="RediffTestCases.RediffLoginTC1" time="15.025" errors="0" timestamp="2024-06-10T14:11:33 IST" skipped="2">
  <testcase classname="RediffTestCases.RediffLoginTC1" name="rediffTC1" time="15.025"/>
  <system-out/>
  <testcase classname="RediffTestCases.RediffLoginTC1" name="rediffTC3">
    <skipped/>
  </testcase> <!-- rediffTC3 -->
  <system-out/>
  <testcase classname="RediffTestCases.RediffLoginTC1" name="rediffTC2">
    <skipped/>
  </testcase> <!-- rediffTC2 -->
  <system-out/>
</testsuite> <!-- RediffTestCases.RediffLoginTC1 -->
