<?xml version="1.0" encoding="UTF-8"?>
<!-- Generated by org.testng.reporters.JUnitReportReporter -->
<testsuite hostname="DESKTOP-T6DRP6P" failures="0" tests="1" name="TestNGDemos.TestNGAnnotations" time="0.017" errors="0" timestamp="2024-05-31T14:41:58 IST" skipped="0">
  <testcase classname="TestNGDemos.TestNGAnnotations" name="TC1" time="0.017"/>
  <system-out/>
</testsuite> <!-- TestNGDemos.TestNGAnnotations -->
