<?xml version="1.0" encoding="UTF-8"?>
<!-- Generated by org.testng.reporters.JUnitReportReporter -->
<testsuite hostname="DESKTOP-T6DRP6P" failures="0" tests="1" name="TestNGDemos.ReadExcel" time="1.684" errors="0" timestamp="2024-06-03T12:27:48 IST" skipped="0">
  <testcase classname="TestNGDemos.ReadExcel" name="readData" time="1.684"/>
  <system-out/>
</testsuite> <!-- TestNGDemos.ReadExcel -->
