<?xml version="1.0" encoding="UTF-8"?>
<!-- Generated by org.testng.reporters.JUnitReportReporter -->
<testsuite hostname="DESKTOP-T6DRP6P" failures="0" tests="2" name="TestNGDemos.SimpleTest" time="0.033" errors="0" timestamp="2024-06-03T09:19:03 IST" skipped="0">
  <testcase classname="TestNGDemos.SimpleTest" name="compare" time="0.023"/>
  <system-out/>
  <testcase classname="TestNGDemos.SimpleTest" name="testNumberIsPositive" time="0.010"/>
  <system-out/>
</testsuite> <!-- TestNGDemos.SimpleTest -->
