<?xml version="1.0" encoding="UTF-8"?>
<!-- Generated by org.testng.reporters.JUnitReportReporter -->
<testsuite hostname="DESKTOP-T6DRP6P" failures="0" tests="1" name="NewTest" time="0.017" errors="0" timestamp="2024-05-30T18:18:20 IST" skipped="0">
  <testcase classname="NewTest" name="f" time="0.017"/>
  <system-out/>
</testsuite> <!-- NewTest -->
