<?xml version="1.0" encoding="UTF-8"?>
<!-- Generated by org.testng.reporters.JUnitReportReporter -->
<testsuite hostname="DESKTOP-T6DRP6P" failures="0" tests="2" name="TestNGDemos.TestNGDemo1" time="0.008" errors="0" timestamp="2024-06-03T17:24:47 IST" skipped="0">
  <testcase classname="TestNGDemos.TestNGDemo1" name="TC3" time="0.007"/>
  <system-out/>
  <testcase classname="TestNGDemos.TestNGDemo1" name="TC1" time="0.001"/>
  <system-out/>
</testsuite> <!-- TestNGDemos.TestNGDemo1 -->
