<?xml version="1.0" encoding="UTF-8"?>
<!-- Generated by org.testng.reporters.JUnitReportReporter -->
<testsuite hostname="DESKTOP-T6DRP6P" failures="0" tests="2" name="RediffTestCases.RediffLoginExcel" time="21.621" errors="0" timestamp="2024-06-04T10:18:43 IST" skipped="0">
  <testcase classname="RediffTestCases.RediffLoginExcel" name="rediffLoginExcel" time="11.381"/>
  <system-out/>
  <testcase classname="RediffTestCases.RediffLoginExcel" name="rediffLoginProperties" time="10.240"/>
  <system-out/>
</testsuite> <!-- RediffTestCases.RediffLoginExcel -->
